{
  "stats": {
    "suites": 1,
    "tests": 1,
    "passes": 1,
    "pending": 0,
    "failures": 0,
    "start": "2024-02-14T03:14:10.803Z",
    "end": "2024-02-14T03:14:30.414Z",
    "duration": 19611,
    "testsRegistered": 1,
    "passPercent": 100,
    "pendingPercent": 0,
    "other": 0,
    "hasOther": false,
    "skipped": 0,
    "hasSkipped": false
  },
  "results": [
    {
      "uuid": "9119ed97-e849-46cc-99e9-3b2e551e1535",
      "title": "",
      "fullFile": "cypress\\e2e\\updateCart.cy.js",
      "file": "cypress\\e2e\\updateCart.cy.js",
      "beforeHooks": [],
      "afterHooks": [],
      "tests": [],
      "suites": [
        {
          "uuid": "52f2557f-c181-4631-ab9d-917231cb208f",
          "title": "Remover item do carrinho",
          "fullFile": "",
          "file": "",
          "beforeHooks": [],
          "afterHooks": [],
          "tests": [
            {
              "title": "Deve remover produto do carrinho com sucesso",
              "fullTitle": "Remover item do carrinho Deve remover produto do carrinho com sucesso",
              "timedOut": null,
              "duration": 16711,
              "state": "passed",
              "speed": "slow",
              "pass": true,
              "fail": false,
              "pending": false,
              "context": null,
              "code": "_pages.clickSearch.searchMagnifier();\n_pages.productSearchPage.search('Daily');\n_pages.productSearchPage.productList.first().click().should('have.attr', 'title', 'Aero Daily Fitness Tee');\ncy.intercept({\n  method: 'POST',\n  url: '/product/aero-daily-fitness-tee/*'\n}, req => {\n  req.reply({\n    statusCode: 200,\n    body: `${req.query.callback}(\n            ${JSON.stringify()}\n            )`\n  });\n});\n_pages.selectSizePage.selectSize();\n_pages.selectColorPage.selectColor();\n_pages.clickBuyPage.buttonbuy();\ncy.intercept({\n  method: 'GET',\n  url: '/?wc-ajax=get_refreshed_fragments*',\n  query: {\n    term: 'remove this item'\n  }\n}, req => {\n  req.reply({\n    statusCode: 200,\n    body: `${req.query.callback}(\n                ${JSON.stringify()}\n            )`\n  });\n}), _pages.viewCartPage.clickCart();\ncy.intercept({\n  method: 'POST',\n  url: 'carrinho/*',\n  query: {\n    term: 'plus'\n  }\n}, req => {\n  req.reply({\n    statusCode: 302,\n    body: `${req.query.callback}(\n            ${JSON.stringify()}\n        )`\n  });\n}), _pages.updateCartPage.inputQuantity();\n_pages.updateCartPage.updateCart();\n_pages.updateCartPage.updateAssert();",
              "err": {},
              "uuid": "98f54321-867c-4255-bf4d-b6d7f3d2b985",
              "parentUUID": "52f2557f-c181-4631-ab9d-917231cb208f",
              "isHook": false,
              "skipped": false
            }
          ],
          "suites": [],
          "passes": [
            "98f54321-867c-4255-bf4d-b6d7f3d2b985"
          ],
          "failures": [],
          "pending": [],
          "skipped": [],
          "duration": 16711,
          "root": false,
          "rootEmpty": false,
          "_timeout": 2000
        }
      ],
      "passes": [],
      "failures": [],
      "pending": [],
      "skipped": [],
      "duration": 0,
      "root": true,
      "rootEmpty": true,
      "_timeout": 2000
    }
  ],
  "meta": {
    "mocha": {
      "version": "7.0.1"
    },
    "mochawesome": {
      "options": {
        "quiet": false,
        "reportFilename": "index.html",
        "saveHtml": true,
        "saveJson": true,
        "consoleReporter": "spec",
        "useInlineDiffs": false,
        "code": true
      },
      "version": "7.1.3"
    },
    "marge": {
      "options": {
        "reportDir": "mochawesome-report",
        "reportFilename": "index.html",
        "overwrite": false,
        "html": true,
        "json": true
      },
      "version": "6.2.0"
    }
  }
}