{
  "stats": {
    "suites": 1,
    "tests": 1,
    "passes": 1,
    "pending": 0,
    "failures": 0,
    "start": "2024-02-14T03:16:20.707Z",
    "end": "2024-02-14T03:16:34.726Z",
    "duration": 14019,
    "testsRegistered": 1,
    "passPercent": 100,
    "pendingPercent": 0,
    "other": 0,
    "hasOther": false,
    "skipped": 0,
    "hasSkipped": false
  },
  "results": [
    {
      "uuid": "9c177946-16a0-4475-99f0-6240e0b8e8bd",
      "title": "",
      "fullFile": "cypress\\e2e\\removeProduct.cy.js",
      "file": "cypress\\e2e\\removeProduct.cy.js",
      "beforeHooks": [],
      "afterHooks": [],
      "tests": [],
      "suites": [
        {
          "uuid": "14420702-3143-450c-8042-d6682ad7dff1",
          "title": "Remover item do carrinho",
          "fullFile": "",
          "file": "",
          "beforeHooks": [],
          "afterHooks": [],
          "tests": [
            {
              "title": "Deve remover produto do carrinho com sucesso",
              "fullTitle": "Remover item do carrinho Deve remover produto do carrinho com sucesso",
              "timedOut": null,
              "duration": 11909,
              "state": "passed",
              "speed": "slow",
              "pass": true,
              "fail": false,
              "pending": false,
              "context": null,
              "code": "_pages.clickSearch.searchMagnifier();\n_pages.productSearchPage.search('Daily');\n_pages.productSearchPage.productList.first().click().should('have.attr', 'title', 'Aero Daily Fitness Tee');\ncy.intercept({\n  method: 'POST',\n  url: '/product/aero-daily-fitness-tee/*'\n}, req => {\n  req.reply({\n    statusCode: 200,\n    body: `${req.query.callback}(\n            ${JSON.stringify()}\n            )`\n  });\n});\n_pages.selectSizePage.selectSize();\n_pages.selectColorPage.selectColor();\n_pages.clickBuyPage.buttonbuy();\ncy.intercept({\n  method: 'GET',\n  url: '/?wc-ajax=get_refreshed_fragments*',\n  query: {\n    term: 'remove this item'\n  }\n}, req => {\n  req.reply({\n    statusCode: 200,\n    body: `${req.query.callback}(\n                ${JSON.stringify()}\n            )`\n  });\n}), _pages.viewCartPage.clickCart();\n_pages.viewCartPage.removeIcon();\n_pages.viewCartPage.assert();",
              "err": {},
              "uuid": "b45975c8-d870-4eab-8e48-3a40fca76984",
              "parentUUID": "14420702-3143-450c-8042-d6682ad7dff1",
              "isHook": false,
              "skipped": false
            }
          ],
          "suites": [],
          "passes": [
            "b45975c8-d870-4eab-8e48-3a40fca76984"
          ],
          "failures": [],
          "pending": [],
          "skipped": [],
          "duration": 11909,
          "root": false,
          "rootEmpty": false,
          "_timeout": 2000
        }
      ],
      "passes": [],
      "failures": [],
      "pending": [],
      "skipped": [],
      "duration": 0,
      "root": true,
      "rootEmpty": true,
      "_timeout": 2000
    }
  ],
  "meta": {
    "mocha": {
      "version": "7.0.1"
    },
    "mochawesome": {
      "options": {
        "quiet": false,
        "reportFilename": "index.html",
        "saveHtml": true,
        "saveJson": true,
        "consoleReporter": "spec",
        "useInlineDiffs": false,
        "code": true
      },
      "version": "7.1.3"
    },
    "marge": {
      "options": {
        "reportDir": "mochawesome-report",
        "reportFilename": "index.html",
        "overwrite": false,
        "html": true,
        "json": true
      },
      "version": "6.2.0"
    }
  }
}