{
  "stats": {
    "suites": 1,
    "tests": 2,
    "passes": 2,
    "pending": 0,
    "failures": 0,
    "start": "2024-02-14T03:15:58.217Z",
    "end": "2024-02-14T03:16:17.935Z",
    "duration": 19718,
    "testsRegistered": 2,
    "passPercent": 100,
    "pendingPercent": 0,
    "other": 0,
    "hasOther": false,
    "skipped": 0,
    "hasSkipped": false
  },
  "results": [
    {
      "uuid": "8578a5fd-46ea-460b-a209-0d00d8871498",
      "title": "",
      "fullFile": "cypress\\e2e\\addProduct.cy.js",
      "file": "cypress\\e2e\\addProduct.cy.js",
      "beforeHooks": [],
      "afterHooks": [],
      "tests": [],
      "suites": [
        {
          "uuid": "8f395028-2d3e-477f-be74-d453b91e5ac6",
          "title": "Testes de validação usando cy.intercept",
          "fullFile": "",
          "file": "",
          "beforeHooks": [],
          "afterHooks": [],
          "tests": [
            {
              "title": "Deve realizar pesquisa do produto com sucesso",
              "fullTitle": "Testes de validação usando cy.intercept Deve realizar pesquisa do produto com sucesso",
              "timedOut": null,
              "duration": 8083,
              "state": "passed",
              "speed": "medium",
              "pass": true,
              "fail": false,
              "pending": false,
              "context": null,
              "code": "cy.intercept({\n  method: 'GET',\n  url: '/wp-admin/admin-ajax*',\n  query: {\n    term: 'jacket'\n  }\n}, req => {\n  req.reply({\n    statusCode: 200,\n    body: `${req.query.callback}(\n                ${JSON.stringify(data.autocompleteSearchData)}\n            )`\n  });\n}), _pages.clickSearch.searchMagnifier();\n_pages.productSearchPage.search('jacket');\n_pages.productSearchPage.productList.first().should('have.attr', 'title', 'Ingrid Running Jacket');",
              "err": {},
              "uuid": "41b4719e-3db4-456a-8891-f097adb82df2",
              "parentUUID": "8f395028-2d3e-477f-be74-d453b91e5ac6",
              "isHook": false,
              "skipped": false
            },
            {
              "title": "Deve adicionar produto ao carrinho com sucesso",
              "fullTitle": "Testes de validação usando cy.intercept Deve adicionar produto ao carrinho com sucesso",
              "timedOut": null,
              "duration": 8791,
              "state": "passed",
              "speed": "medium",
              "pass": true,
              "fail": false,
              "pending": false,
              "context": null,
              "code": "cy.intercept({\n  method: 'GET',\n  url: '/prodcut/ingrid-running-jacket*',\n  query: {\n    term: 'ingrid-running-jacket'\n  }\n}, req => {\n  req.reply({\n    statusCode: 200,\n    body: `${req.query.callback}(\n            ${JSON.stringify()}\n        )`\n  });\n}), _pages.clickSearch.searchMagnifier();\n_pages.productSearchPage.search('Daily');\n_pages.productSearchPage.productList.first().click().should('have.attr', 'title', 'Aero Daily Fitness Tee');\n_pages.selectSizePage.selectSize();\n_pages.selectColorPage.selectColor();\n_pages.clickBuyPage.buttonbuy();\ncy.intercept({\n  method: 'POST',\n  url: '/product/aero-daily-fitness-tee/*'\n}, req => {\n  req.reply({\n    statusCode: 200,\n    body: `${req.query.callback}(\n            ${JSON.stringify()}\n            )`\n  });\n});",
              "err": {},
              "uuid": "1d1382c6-12bc-4c6d-b718-9f0cf7973c02",
              "parentUUID": "8f395028-2d3e-477f-be74-d453b91e5ac6",
              "isHook": false,
              "skipped": false
            }
          ],
          "suites": [],
          "passes": [
            "41b4719e-3db4-456a-8891-f097adb82df2",
            "1d1382c6-12bc-4c6d-b718-9f0cf7973c02"
          ],
          "failures": [],
          "pending": [],
          "skipped": [],
          "duration": 16874,
          "root": false,
          "rootEmpty": false,
          "_timeout": 2000
        }
      ],
      "passes": [],
      "failures": [],
      "pending": [],
      "skipped": [],
      "duration": 0,
      "root": true,
      "rootEmpty": true,
      "_timeout": 2000
    }
  ],
  "meta": {
    "mocha": {
      "version": "7.0.1"
    },
    "mochawesome": {
      "options": {
        "quiet": false,
        "reportFilename": "index.html",
        "saveHtml": true,
        "saveJson": true,
        "consoleReporter": "spec",
        "useInlineDiffs": false,
        "code": true
      },
      "version": "7.1.3"
    },
    "marge": {
      "options": {
        "reportDir": "mochawesome-report",
        "reportFilename": "index.html",
        "overwrite": false,
        "html": true,
        "json": true
      },
      "version": "6.2.0"
    }
  }
}