{
  "stats": {
    "suites": 1,
    "tests": 1,
    "passes": 0,
    "pending": 0,
    "failures": 1,
    "start": "2024-02-14T03:14:04.299Z",
    "end": "2024-02-14T03:14:04.651Z",
    "duration": 352,
    "testsRegistered": 2,
    "passPercent": 0,
    "pendingPercent": 0,
    "other": 0,
    "hasOther": false,
    "skipped": 1,
    "hasSkipped": true
  },
  "results": [
    {
      "uuid": "f6a241e8-0c93-4477-a050-0a80717b7c92",
      "title": "",
      "fullFile": "cypress\\e2e\\addProduct.cy.js",
      "file": "cypress\\e2e\\addProduct.cy.js",
      "beforeHooks": [],
      "afterHooks": [],
      "tests": [],
      "suites": [
        {
          "uuid": "a891ed95-3d04-45da-a400-318799a0b1fb",
          "title": "Testes de validação usando cy.intercept",
          "fullFile": "",
          "file": "",
          "beforeHooks": [],
          "afterHooks": [],
          "tests": [
            {
              "title": "Deve realizar pesquisa do produto com sucesso",
              "fullTitle": "Testes de validação usando cy.intercept Deve realizar pesquisa do produto com sucesso",
              "timedOut": null,
              "duration": 258,
              "state": "failed",
              "speed": null,
              "pass": false,
              "fail": true,
              "pending": false,
              "context": null,
              "code": "cy.intercept({\n  method: 'GET',\n  url: '/wp-admin/admin-ajax*',\n  query: {\n    term: 'jacket'\n  }\n}, req => {\n  req.reply({\n    statusCode: 200,\n    body: `${req.query.callback}(\n                ${JSON.stringify(data.autocompleteSearchData)}\n            )`\n  });\n}), _pages.clickSearch.searchMagnifier();\n_pages.productSearchPage.search('jacket');\n_pages.productSearchPage.productList.first().should('have.attr', 'title', 'Ingrid Running Jacket');",
              "err": {
                "message": "CypressError: `cy.visit()` must be called with a `url` or an `options` object containing a `url` as its 1st argument\n\nhttps://on.cypress.io/visit\n\nBecause this error occurred during a `before each` hook we are skipping the remaining tests in the current suite: `Testes de validação usando ...`",
                "estack": "CypressError: `cy.visit()` must be called with a `url` or an `options` object containing a `url` as its 1st argument\n\nhttps://on.cypress.io/visit\n\nBecause this error occurred during a `before each` hook we are skipping the remaining tests in the current suite: `Testes de validação usando ...`\n    at Context.visit (http://localhost:51735/__cypress/runner/cypress_runner.js:130597:70)\n    at wrapped (http://localhost:51735/__cypress/runner/cypress_runner.js:138282:43)\nFrom Your Spec Code:\n    at Context.eval (webpack://exercicio_modulo_23/./cypress/e2e/addProduct.cy.js:12:7)",
                "diff": null
              },
              "uuid": "b2d0a013-c389-48b4-8be2-ec3a57134d92",
              "parentUUID": "a891ed95-3d04-45da-a400-318799a0b1fb",
              "isHook": false,
              "skipped": false
            },
            {
              "title": "Deve adicionar produto ao carrinho com sucesso",
              "fullTitle": "Testes de validação usando cy.intercept Deve adicionar produto ao carrinho com sucesso",
              "timedOut": null,
              "duration": 0,
              "state": "skipped",
              "speed": null,
              "pass": false,
              "fail": false,
              "pending": false,
              "context": null,
              "code": "cy.intercept({\n  method: 'GET',\n  url: '/prodcut/ingrid-running-jacket*',\n  query: {\n    term: 'ingrid-running-jacket'\n  }\n}, req => {\n  req.reply({\n    statusCode: 200,\n    body: `${req.query.callback}(\n            ${JSON.stringify()}\n        )`\n  });\n}), _pages.clickSearch.searchMagnifier();\n_pages.productSearchPage.search('Daily');\n_pages.productSearchPage.productList.first().click().should('have.attr', 'title', 'Aero Daily Fitness Tee');\n_pages.selectSizePage.selectSize();\n_pages.selectColorPage.selectColor();\n_pages.clickBuyPage.buttonbuy();\ncy.intercept({\n  method: 'POST',\n  url: '/product/aero-daily-fitness-tee/*'\n}, req => {\n  req.reply({\n    statusCode: 200,\n    body: `${req.query.callback}(\n            ${JSON.stringify()}\n            )`\n  });\n});",
              "err": {},
              "uuid": "5092937a-62d7-4bfa-9afc-933b06ad79d8",
              "parentUUID": "a891ed95-3d04-45da-a400-318799a0b1fb",
              "isHook": false,
              "skipped": true
            }
          ],
          "suites": [],
          "passes": [],
          "failures": [
            "b2d0a013-c389-48b4-8be2-ec3a57134d92"
          ],
          "pending": [],
          "skipped": [
            "5092937a-62d7-4bfa-9afc-933b06ad79d8"
          ],
          "duration": 258,
          "root": false,
          "rootEmpty": false,
          "_timeout": 2000
        }
      ],
      "passes": [],
      "failures": [],
      "pending": [],
      "skipped": [],
      "duration": 0,
      "root": true,
      "rootEmpty": true,
      "_timeout": 2000
    }
  ],
  "meta": {
    "mocha": {
      "version": "7.0.1"
    },
    "mochawesome": {
      "options": {
        "quiet": false,
        "reportFilename": "index.html",
        "saveHtml": true,
        "saveJson": true,
        "consoleReporter": "spec",
        "useInlineDiffs": false,
        "code": true
      },
      "version": "7.1.3"
    },
    "marge": {
      "options": {
        "reportDir": "mochawesome-report",
        "reportFilename": "index.html",
        "overwrite": false,
        "html": true,
        "json": true
      },
      "version": "6.2.0"
    }
  }
}