{
  "stats": {
    "suites": 1,
    "tests": 1,
    "passes": 0,
    "pending": 0,
    "failures": 1,
    "start": "2024-02-14T03:14:07.340Z",
    "end": "2024-02-14T03:14:07.699Z",
    "duration": 359,
    "testsRegistered": 1,
    "passPercent": 0,
    "pendingPercent": 0,
    "other": 0,
    "hasOther": false,
    "skipped": 0,
    "hasSkipped": false
  },
  "results": [
    {
      "uuid": "79cddc83-9400-4516-83ed-ad97bc0d12c8",
      "title": "",
      "fullFile": "cypress\\e2e\\removeProduct.cy.js",
      "file": "cypress\\e2e\\removeProduct.cy.js",
      "beforeHooks": [],
      "afterHooks": [],
      "tests": [],
      "suites": [
        {
          "uuid": "5453e461-7b70-4f5c-b75d-3e7625971a33",
          "title": "Remover item do carrinho",
          "fullFile": "",
          "file": "",
          "beforeHooks": [],
          "afterHooks": [],
          "tests": [
            {
              "title": "Deve remover produto do carrinho com sucesso",
              "fullTitle": "Remover item do carrinho Deve remover produto do carrinho com sucesso",
              "timedOut": null,
              "duration": 289,
              "state": "failed",
              "speed": null,
              "pass": false,
              "fail": true,
              "pending": false,
              "context": null,
              "code": "_pages.clickSearch.searchMagnifier();\n_pages.productSearchPage.search('Daily');\n_pages.productSearchPage.productList.first().click().should('have.attr', 'title', 'Aero Daily Fitness Tee');\ncy.intercept({\n  method: 'POST',\n  url: '/product/aero-daily-fitness-tee/*'\n}, req => {\n  req.reply({\n    statusCode: 200,\n    body: `${req.query.callback}(\n            ${JSON.stringify()}\n            )`\n  });\n});\n_pages.selectSizePage.selectSize();\n_pages.selectColorPage.selectColor();\n_pages.clickBuyPage.buttonbuy();\ncy.intercept({\n  method: 'GET',\n  url: '/?wc-ajax=get_refreshed_fragments*',\n  query: {\n    term: 'remove this item'\n  }\n}, req => {\n  req.reply({\n    statusCode: 200,\n    body: `${req.query.callback}(\n                ${JSON.stringify()}\n            )`\n  });\n}), _pages.viewCartPage.clickCart();\n_pages.viewCartPage.removeIcon();\n_pages.viewCartPage.assert();",
              "err": {
                "message": "CypressError: `cy.visit()` failed trying to load:\n\n/minha-conta/\n\nWe failed looking for this file at the path:\n\n/repositorio/Exercicio_Modulo_23/minha-conta/\n\nThe internal Cypress web server responded with:\n\n  > 404: Not Found\n\nBecause this error occurred during a `before each` hook we are skipping the remaining tests in the current suite: `Remover item do carrinho`",
                "estack": "CypressError: `cy.visit()` failed trying to load:\n\n/minha-conta/\n\nWe failed looking for this file at the path:\n\n/repositorio/Exercicio_Modulo_23/minha-conta/\n\nThe internal Cypress web server responded with:\n\n  > 404: Not Found\n\nBecause this error occurred during a `before each` hook we are skipping the remaining tests in the current suite: `Remover item do carrinho`\n    at <unknown> (http://localhost:51735/__cypress/runner/cypress_runner.js:130958:76)\n    at visitFailedByErr (http://localhost:51735/__cypress/runner/cypress_runner.js:130372:12)\n    at <unknown> (http://localhost:51735/__cypress/runner/cypress_runner.js:130941:13)\n    at tryCatcher (http://localhost:51735/__cypress/runner/cypress_runner.js:1807:23)\n    at Promise._settlePromiseFromHandler (http://localhost:51735/__cypress/runner/cypress_runner.js:1519:31)\n    at Promise._settlePromise (http://localhost:51735/__cypress/runner/cypress_runner.js:1576:18)\n    at Promise._settlePromise0 (http://localhost:51735/__cypress/runner/cypress_runner.js:1621:10)\n    at Promise._settlePromises (http://localhost:51735/__cypress/runner/cypress_runner.js:1697:18)\n    at _drainQueueStep (http://localhost:51735/__cypress/runner/cypress_runner.js:2407:12)\n    at _drainQueue (http://localhost:51735/__cypress/runner/cypress_runner.js:2400:9)\n    at Async._drainQueues (http://localhost:51735/__cypress/runner/cypress_runner.js:2416:5)\n    at Async.drainQueues (http://localhost:51735/__cypress/runner/cypress_runner.js:2286:14)\nFrom Your Spec Code:\n    at Context.eval (webpack://exercicio_modulo_23/./cypress/e2e/removeProduct.cy.js:6:11)",
                "diff": null
              },
              "uuid": "ed076ab6-0106-4af5-a5e9-fe1ed1d72b62",
              "parentUUID": "5453e461-7b70-4f5c-b75d-3e7625971a33",
              "isHook": false,
              "skipped": false
            }
          ],
          "suites": [],
          "passes": [],
          "failures": [
            "ed076ab6-0106-4af5-a5e9-fe1ed1d72b62"
          ],
          "pending": [],
          "skipped": [],
          "duration": 289,
          "root": false,
          "rootEmpty": false,
          "_timeout": 2000
        }
      ],
      "passes": [],
      "failures": [],
      "pending": [],
      "skipped": [],
      "duration": 0,
      "root": true,
      "rootEmpty": true,
      "_timeout": 2000
    }
  ],
  "meta": {
    "mocha": {
      "version": "7.0.1"
    },
    "mochawesome": {
      "options": {
        "quiet": false,
        "reportFilename": "index.html",
        "saveHtml": true,
        "saveJson": true,
        "consoleReporter": "spec",
        "useInlineDiffs": false,
        "code": true
      },
      "version": "7.1.3"
    },
    "marge": {
      "options": {
        "reportDir": "mochawesome-report",
        "reportFilename": "index.html",
        "overwrite": false,
        "html": true,
        "json": true
      },
      "version": "6.2.0"
    }
  }
}